p/grayscale_IMG_20231112_112227.jpg 1 0 0 9000 12000
p/grayscale_IMG_20231112_112224.jpg 1 0 0 9000 12000
p/grayscale_IMG_20231112_112159.jpg 1 0 0 9000 12000
p/grayscale_IMG_20231112_112154.jpg 1 0 0 9000 12000
p/grayscale_IMG_20231112_112141.jpg 1 0 0 9000 12000
p/grayscale_IMG_20231112_112124.jpg 1 0 0 9000 12000
p/grayscale_IMG_20231112_112055.jpg 1 0 0 12000 9000
p/grayscale_IMG_20231112_112052.jpg 1 0 0 12000 9000
p/grayscale_IMG_20231112_112035.jpg 1 0 0 9000 12000
p/grayscale_IMG_20231112_112032.jpg 1 0 0 9000 12000
p/grayscale_IMG_20231112_112026.jpg 1 0 0 9000 12000
p/grayscale_IMG_20231112_112012.jpg 1 0 0 9000 12000
p/grayscale_IMG_20231112_111958.jpg 1 0 0 9000 12000
p/grayscale_IMG_20231112_111951.jpg 1 0 0 9000 12000
p/grayscale_IMG_20231112_111753.jpg 1 0 0 12000 9000
p/grayscale_IMG_20231112_111742.jpg 1 0 0 12000 9000
p/grayscale_IMG_20231112_111735.jpg 1 0 0 9000 12000
p/grayscale_IMG_20231112_111702.jpg 1 0 0 9000 12000
p/grayscale_IMG_20231112_111636.jpg 1 0 0 9000 12000
p/grayscale_IMG_20231112_111545.jpg 1 0 0 9000 12000
p/grayscale_IMG_20231112_111542.jpg 1 0 0 9000 12000
p/grayscale_IMG_20231112_111539.jpg 1 0 0 9000 12000
p/grayscale_IMG_20231111_221438.jpg 1 0 0 753 3674
p/grayscale_IMG_20231111_220539.jpg 1 0 0 9000 12000
p/grayscale_IMG_20231111_220501.jpg 1 0 0 9000 12000
p/grayscale_IMG_20231111_220440.jpg 1 0 0 9000 12000
p/grayscale_IMG_20231111_220436.jpg 1 0 0 9000 12000
p/grayscale_IMG_20231111_220228.jpg 1 0 0 9000 12000
p/grayscale_IMG_20231111_220226.jpg 1 0 0 9000 12000
p/grayscale_IMG_20231111_220218.jpg 1 0 0 9000 12000
p/grayscale_IMG_20231111_220157.jpg 1 0 0 9000 12000
p/grayscale_IMG_20231111_220145.jpg 1 0 0 9000 12000
p/grayscale_IMG_20231111_220134.jpg 1 0 0 9000 12000
p/grayscale_IMG_20231111_220122.jpg 1 0 0 9000 12000
p/grayscale_IMG_20231111_220045.jpg 1 0 0 9000 12000
p/grayscale_IMG_20231111_220039.jpg 1 0 0 9000 12000
p/grayscale_IMG_20231111_220002.jpg 1 0 0 9000 12000
p/grayscale_IMG_20231111_220002(1).jpg 1 0 0 9000 12000
p/grayscale_IMG_20231111_215557.jpg 1 0 0 9000 12000
p/grayscale_IMG_20231111_215523.jpg 1 0 0 9000 12000
p/grayscale_IMG_20231111_215519.jpg 1 0 0 9000 12000
p/grayscale_IMG_20231111_215451.jpg 1 0 0 9000 12000
p/grayscale_IMG_20231111_215441.jpg 1 0 0 9000 12000
p/grayscale_IMG_20231111_215430.jpg 1 0 0 9000 12000
p/grayscale_IMG_20231111_215359.jpg 1 0 0 9000 12000
p/grayscale_IMG_20231111_215353.jpg 1 0 0 9000 12000
p/grayscale_IMG_20231111_215349.jpg 1 0 0 9000 12000
p/grayscale_IMG_20231111_215329.jpg 1 0 0 9000 12000
p/grayscale_IMG_20231111_215315.jpg 1 0 0 9000 12000
p/grayscale_IMG_20231111_215311.jpg 1 0 0 9000 12000
p/grayscale_IMG_20231111_215300.jpg 1 0 0 9000 12000
p/grayscale_IMG_20231111_215238.jpg 1 0 0 9000 12000
p/grayscale_IMG_20231111_215231.jpg 1 0 0 9000 12000
p/grayscale_IMG_20231111_215223.jpg 1 0 0 9000 12000
p/grayscale_IMG_20231111_215202.jpg 1 0 0 9000 12000
p/grayscale_IMG_20231111_215134.jpg 1 0 0 9000 12000
p/grayscale_IMG_20231111_215119.jpg 1 0 0 9000 12000
p/grayscale_IMG_20231111_215111.jpg 1 0 0 9000 12000
p/grayscale_IMG_20231111_215107.jpg 1 0 0 9000 12000
p/grayscale_IMG_20231111_215001.jpg 1 0 0 9000 12000
p/grayscale_IMG_20231111_214952.jpg 1 0 0 9000 12000
p/grayscale_IMG_20231111_214946.jpg 1 0 0 9000 12000
p/grayscale_IMG_20231111_214929.jpg 1 0 0 9000 12000
p/grayscale_IMG_20231111_214918.jpg 1 0 0 9000 12000
p/grayscale_IMG_20231111_214916.jpg 1 0 0 9000 12000
p/grayscale_IMG_20231111_214907.jpg 1 0 0 9000 12000
p/grayscale_IMG_20231111_214901.jpg 1 0 0 9000 12000
p/grayscale_IMG_20231111_214856.jpg 1 0 0 9000 12000
p/grayscale_IMG_20231111_213915.jpg 1 0 0 9000 12000
p/grayscale_IMG_20231111_213851.jpg 1 0 0 9000 12000
p/grayscale_IMG_20231111_213644.jpg 1 0 0 9000 12000
p/grayscale_IMG_20231111_213639.jpg 1 0 0 9000 12000
p/grayscale_IMG_20231111_213633.jpg 1 0 0 9000 12000
p/grayscale_IMG_20231111_213627.jpg 1 0 0 9000 12000
p/grayscale_IMG_20231111_213541.jpg 1 0 0 9000 12000
p/grayscale_IMG_20231111_213525.jpg 1 0 0 9000 12000
p/grayscale_IMG_20231111_213523.jpg 1 0 0 9000 12000
p/grayscale_IMG_20231111_213510.jpg 1 0 0 9000 12000
p/grayscale_IMG_20231111_213437.jpg 1 0 0 9000 12000
p/grayscale_IMG_20231111_213318.jpg 1 0 0 9000 12000
p/grayscale_IMG_20231111_213310.jpg 1 0 0 9000 12000
p/grayscale_IMG_20231111_213258.jpg 1 0 0 9000 12000
p/grayscale_IMG_20231111_211237.jpg 1 0 0 12000 9000
p/grayscale_IMG_20231111_211226.jpg 1 0 0 12000 9000
p/grayscale_IMG_20231111_211210.jpg 1 0 0 12000 9000
p/grayscale_IMG_20231111_211120.jpg 1 0 0 12000 9000
p/grayscale_IMG_20231111_211107.jpg 1 0 0 12000 9000
p/grayscale_IMG_20231111_211043.jpg 1 0 0 12000 9000
p/grayscale_IMG_20231111_211029.jpg 1 0 0 12000 9000
p/grayscale_IMG_20231111_211017.jpg 1 0 0 12000 9000
p/grayscale_IMG_20231111_211002.jpg 1 0 0 12000 9000
p/grayscale_IMG_20231111_210853.jpg 1 0 0 12000 9000
p/grayscale_IMG_20231111_210845.jpg 1 0 0 12000 9000
p/grayscale_IMG_20231111_210838.jpg 1 0 0 9000 12000
p/grayscale_IMG_20231111_210745.jpg 1 0 0 9000 12000
p/grayscale_IMG_20231111_210737.jpg 1 0 0 9000 12000
p/grayscale_IMG_20231111_210733.jpg 1 0 0 9000 12000
p/grayscale_IMG_20231111_210726.jpg 1 0 0 9000 12000
p/grayscale_IMG_20231111_210608.jpg 1 0 0 9000 12000
p/grayscale_IMG_20231111_210539.jpg 1 0 0 9000 12000
p/grayscale_IMG_20231111_210522.jpg 1 0 0 9000 12000
p/grayscale_IMG_20231111_210513.jpg 1 0 0 9000 12000
p/grayscale_IMG_20231111_210502.jpg 1 0 0 9000 12000
p/grayscale_IMG_20231111_210404.jpg 1 0 0 9000 12000
p/grayscale_IMG_20231111_210356.jpg 1 0 0 9000 12000
p/grayscale_IMG_20231111_210350.jpg 1 0 0 9000 12000
p/grayscale_IMG_20231111_210336.jpg 1 0 0 9000 12000
p/grayscale_IMG_20231111_210329.jpg 1 0 0 9000 12000
p/grayscale_IMG_20231111_210318.jpg 1 0 0 9000 12000
p/grayscale_IMG_20231111_210145.jpg 1 0 0 12000 9000
p/grayscale_IMG_20231111_210131.jpg 1 0 0 12000 9000
p/grayscale_IMG_20231111_210113.jpg 1 0 0 9000 12000
p/grayscale_IMG_20231111_210033.jpg 1 0 0 12000 9000
p/grayscale_IMG_20231111_210018.jpg 1 0 0 12000 9000
p/grayscale_IMG_20231111_205957.jpg 1 0 0 12000 9000
p/grayscale_IMG_20231111_205937.jpg 1 0 0 12000 9000
p/grayscale_IMG_20231111_205929.jpg 1 0 0 12000 9000
p/grayscale_IMG_20231111_205915.jpg 1 0 0 9000 12000